{"uid":"45217c7e8c222546","name":"Send event with missing required fields","fullName":"test.test_api_event.TestApiEvent#test_post_missing_fields","historyId":"237e7e23e3c8ad151da0aa6ced000faa","time":{"start":1753989306080,"stop":1753989306084,"duration":4},"status":"failed","statusMessage":"AssertionError: ❗ Expected validation error for missing 'timestamp', but got 200\nassert 200 >= 400\n +  where 200 = <Response [200]>.status_code","statusTrace":"self = <test_api_event.TestApiEvent object at 0x7fc6a37c4430>\nmissing_field = 'timestamp'\n\n    @allure.title(\"Send event with missing required fields\")\n    @pytest.mark.parametrize(\"missing_field\", [\"userId\", \"type\", \"videoTime\", \"timestamp\"])\n    def test_post_missing_fields(self, missing_field):\n        payload = {\n            \"userId\": \"user-123\",\n            \"type\": \"scroll\",\n            \"videoTime\": 3.2,\n            \"timestamp\": datetime.utcnow().isoformat() + \"Z\"\n        }\n        del payload[missing_field]\n    \n        response = requests.post(BASE_URL, json=payload)\n        logger.info(f\"Missing '{missing_field}' - Status: {response.status_code}\")\n>       assert response.status_code >= 400, (\n            f\"❗ Expected validation error for missing '{missing_field}', \"\n            f\"but got {response.status_code}\"\n        )\nE       AssertionError: ❗ Expected validation error for missing 'timestamp', but got 200\nE       assert 200 >= 400\nE        +  where 200 = <Response [200]>.status_code\n\ntest/test_api_event.py:133: AssertionError","flaky":false,"newFailed":false,"newBroken":false,"newPassed":false,"retriesCount":0,"retriesStatusChange":false,"beforeStages":[{"name":"start_server","time":{"start":1753989305943,"stop":1753989305943,"duration":0},"status":"passed","steps":[],"attachments":[],"parameters":[],"shouldDisplayMessage":false,"stepsCount":0,"attachmentsCount":0,"hasContent":false,"attachmentStep":false}],"afterStages":[],"labels":[{"name":"epic","value":"Backend API Validation"},{"name":"feature","value":"POST /api/event"},{"name":"parentSuite","value":"test"},{"name":"suite","value":"test_api_event"},{"name":"subSuite","value":"TestApiEvent"},{"name":"host","value":"pkrvmjbmru5nbw0"},{"name":"thread","value":"6334-MainThread"},{"name":"framework","value":"pytest"},{"name":"language","value":"cpython3"},{"name":"package","value":"test.test_api_event"},{"name":"resultFormat","value":"allure2"}],"parameters":[{"name":"missing_field","value":"'timestamp'"}],"links":[],"hidden":false,"retry":false,"extra":{"severity":"normal","retries":[],"categories":[{"name":"Product defects","matchedStatuses":[],"flaky":false}],"tags":[]},"source":"45217c7e8c222546.json","parameterValues":["'timestamp'"]}